<?xml version="1.0" encoding="UTF-8"?>
<!-- Generated by org.testng.reporters.JUnitReportReporter -->
<testsuite hostname="Sankar-PC" failures="0" tests="6" name="testCases.TC_003_LoginDDT" time="35.446" errors="0" timestamp="2023-06-03T20:09:45 IST" skipped="0">
  <testcase classname="testCases.TC_003_LoginDDT" name="test_LoginDDT" time="0.927"/>
  <system-out/>
  <testcase classname="testCases.TC_003_LoginDDT" name="test_LoginDDT" time="10.614"/>
  <system-out/>
  <testcase classname="testCases.TC_003_LoginDDT" name="test_LoginDDT" time="1.232"/>
  <system-out/>
  <testcase classname="testCases.TC_003_LoginDDT" name="test_LoginDDT" time="10.654"/>
  <system-out/>
  <testcase classname="testCases.TC_003_LoginDDT" name="test_LoginDDT" time="10.689"/>
  <system-out/>
  <testcase classname="testCases.TC_003_LoginDDT" name="test_LoginDDT" time="1.330"/>
  <system-out/>
</testsuite> <!-- testCases.TC_003_LoginDDT -->
