<?xml version="1.0" encoding="UTF-8"?>
<!-- Generated by org.testng.reporters.JUnitReportReporter -->
<testsuite hostname="Sankar-PC" failures="0" tests="1" name="testCases.TC_002_LoginTest" time="0.797" errors="0" timestamp="2023-06-03T21:55:35 IST" skipped="0">
  <testcase classname="testCases.TC_002_LoginTest" name="test_Valid_Login" time="0.797"/>
  <system-out/>
</testsuite> <!-- testCases.TC_002_LoginTest -->
