<?xml version="1.0" encoding="UTF-8"?>
<!-- Generated by org.testng.reporters.JUnitReportReporter -->
<testsuite hostname="Sankar-PC" failures="0" tests="1" name="testCases.TC_001_AccountRegistrationTest" time="1.165" errors="0" timestamp="2023-06-04T21:21:29 IST" skipped="0">
  <testcase classname="testCases.TC_001_AccountRegistrationTest" name="test_account_registration" time="1.165"/>
  <system-out/>
</testsuite> <!-- testCases.TC_001_AccountRegistrationTest -->
